0 info it worked if it ends with ok
1 verbose cli [ '/home/stas/.nvm/versions/node/v7.2.1/bin/node',
1 verbose cli   '/home/stas/.nvm/versions/node/v7.2.1/bin/npm',
1 verbose cli   'run',
1 verbose cli   'webpack-devserver' ]
2 info using npm@3.10.10
3 info using node@v7.2.1
4 verbose run-script [ 'prewebpack-devserver',
4 verbose run-script   'webpack-devserver',
4 verbose run-script   'postwebpack-devserver' ]
5 info lifecycle diary@1.0.0~prewebpack-devserver: diary@1.0.0
6 silly lifecycle diary@1.0.0~prewebpack-devserver: no script for prewebpack-devserver, continuing
7 info lifecycle diary@1.0.0~webpack-devserver: diary@1.0.0
8 verbose lifecycle diary@1.0.0~webpack-devserver: unsafe-perm in lifecycle true
9 verbose lifecycle diary@1.0.0~webpack-devserver: PATH: /home/stas/.nvm/versions/node/v7.2.1/lib/node_modules/npm/bin/node-gyp-bin:/home/stas/Рабочий стол/diary/react-app/node_modules/.bin:/home/stas/.nvm/versions/node/v7.2.1/bin:/usr/local/sbin:/usr/local/bin:/usr/sbin:/usr/bin:/sbin:/bin:/usr/games:/usr/local/games
10 verbose lifecycle diary@1.0.0~webpack-devserver: CWD: /home/stas/Рабочий стол/diary/react-app
11 silly lifecycle diary@1.0.0~webpack-devserver: Args: [ '-c',
11 silly lifecycle   'webpack-dev-server --debug --hot --devtool eval-source-map --output-pathinfo --watch --colors --inline --content-base public --port 8090 --host 0.0.0.0' ]
12 silly lifecycle diary@1.0.0~webpack-devserver: Returned: code: 1  signal: null
13 info lifecycle diary@1.0.0~webpack-devserver: Failed to exec webpack-devserver script
14 verbose stack Error: diary@1.0.0 webpack-devserver: `webpack-dev-server --debug --hot --devtool eval-source-map --output-pathinfo --watch --colors --inline --content-base public --port 8090 --host 0.0.0.0`
14 verbose stack Exit status 1
14 verbose stack     at EventEmitter.<anonymous> (/home/stas/.nvm/versions/node/v7.2.1/lib/node_modules/npm/lib/utils/lifecycle.js:255:16)
14 verbose stack     at emitTwo (events.js:106:13)
14 verbose stack     at EventEmitter.emit (events.js:191:7)
14 verbose stack     at ChildProcess.<anonymous> (/home/stas/.nvm/versions/node/v7.2.1/lib/node_modules/npm/lib/utils/spawn.js:40:14)
14 verbose stack     at emitTwo (events.js:106:13)
14 verbose stack     at ChildProcess.emit (events.js:191:7)
14 verbose stack     at maybeClose (internal/child_process.js:885:16)
14 verbose stack     at Process.ChildProcess._handle.onexit (internal/child_process.js:226:5)
15 verbose pkgid diary@1.0.0
16 verbose cwd /home/stas/Рабочий стол/diary/react-app
17 error Linux 3.19.0-32-generic
18 error argv "/home/stas/.nvm/versions/node/v7.2.1/bin/node" "/home/stas/.nvm/versions/node/v7.2.1/bin/npm" "run" "webpack-devserver"
19 error node v7.2.1
20 error npm  v3.10.10
21 error code ELIFECYCLE
22 error diary@1.0.0 webpack-devserver: `webpack-dev-server --debug --hot --devtool eval-source-map --output-pathinfo --watch --colors --inline --content-base public --port 8090 --host 0.0.0.0`
22 error Exit status 1
23 error Failed at the diary@1.0.0 webpack-devserver script 'webpack-dev-server --debug --hot --devtool eval-source-map --output-pathinfo --watch --colors --inline --content-base public --port 8090 --host 0.0.0.0'.
23 error Make sure you have the latest version of node.js and npm installed.
23 error If you do, this is most likely a problem with the diary package,
23 error not with npm itself.
23 error Tell the author that this fails on your system:
23 error     webpack-dev-server --debug --hot --devtool eval-source-map --output-pathinfo --watch --colors --inline --content-base public --port 8090 --host 0.0.0.0
23 error You can get information on how to open an issue for this project with:
23 error     npm bugs diary
23 error Or if that isn't available, you can get their info via:
23 error     npm owner ls diary
23 error There is likely additional logging output above.
24 verbose exit [ 1, true ]
